
HOLY CRAFT Beer Store
Friedrichstraße 79
40217 Düsseldorf
+49 211 16379536
https://www.facebook.com/HOLY-CRAFT-Beer-Store/

Spritterei 
Lindenstraße 219
40235 Düsseldorf
+49 211 684935
http://spritterei.de

Bier & Beer
Münsterstraße 11
40477 Düsseldorf
+49 211 9421 3308
http://bier-beer.de

Onkel Bier
Am Wildpark 49
40629 Düsseldorf
+49 211 1760 9102
http://mein-onkel.de

Britische Biere
Emmastraße 25 
40227 Düsseldorf
+49 211 88928003
http://www.britische-biere.de

Cafe Rekord
Ackerstraße 204
40235 Düsseldorf
+49 211 54473090
http://www.cafe-rekord.de

Flingern Brew Labs

Das Ö-Büdchen 

Büdchen Aachenerstraße

TasteGreece

Rewe




